<?xml version="1.0" encoding="utf-8"?><testsuites name="pytest tests"><testsuite name="pytest" errors="0" failures="0" skipped="0" tests="11" time="6.396" timestamp="2026-09-14T12:23:54.040856+08:00" hostname="Nigel"><testcase classname="review.matched_intervals005_bdg2_20260914.test_coordinator" name="test_ordering_and_completed_restart_zero_new_commands" time="1.191" /><testcase classname="review.matched_intervals005_bdg2_20260914.test_coordinator" name="test_failure_stops_and_is_not_silently_retried" time="0.399" /><testcase classname="review.matched_intervals005_bdg2_20260914.test_coordinator" name="test_restart_after_run_advances_to_validation" time="0.554" /><testcase classname="review.matched_intervals005_bdg2_20260914.test_coordinator" name="test_lock_refuses_concurrent_coordinator" time="0.003" /><testcase classname="review.matched_intervals005_bdg2_20260914.test_coordinator" name="test_exact_process_identity_rejects_pid_reuse" time="0.001" /><testcase classname="review.matched_intervals005_bdg2_20260914.test_coordinator" name="test_partial_checkpoint_chooses_supported_resume" time="0.003" /><testcase classname="review.matched_intervals005_bdg2_20260914.test_coordinator" name="test_lost_coordinator_adopts_exit_receipt_without_repeating" time="0.197" /><testcase classname="review.matched_intervals005_bdg2_20260914.test_coordinator" name="test_missing_exit_receipt_is_interrupted_not_success" time="0.011" /><testcase classname="review.matched_intervals005_bdg2_20260914.test_coordinator" name="test_adopts_live_logger_then_uses_actual_exit" time="0.460" /><testcase classname="review.matched_intervals005_bdg2_20260914.test_coordinator" name="test_atomic_replace_retries_transient_denial_without_changing_old_data" time="0.026" /><testcase classname="review.matched_intervals005_bdg2_20260914.test_coordinator" name="test_atomic_replace_persistent_denial_stops_and_preserves_both_versions" time="0.017" /></testsuite></testsuites>