<?xml version="1.0" encoding="utf-8"?><testsuites name="pytest tests"><testsuite name="pytest" errors="0" failures="1" skipped="0" tests="25" time="17.352" timestamp="2026-09-14T12:19:35.362368+08:00" hostname="Nigel"><testcase classname="tests.test_matched_intervals005" name="test_actual_shared_owner_counts" time="7.394" /><testcase classname="tests.test_matched_intervals005" name="test_scalar_matches_batch_all_methods[0.9-1]" time="0.075" /><testcase classname="tests.test_matched_intervals005" name="test_scalar_matches_batch_all_methods[0.9-3]" time="0.076" /><testcase classname="tests.test_matched_intervals005" name="test_scalar_matches_batch_all_methods[0.95-1]" time="0.075" /><testcase classname="tests.test_matched_intervals005" name="test_scalar_matches_batch_all_methods[0.95-3]" time="0.076" /><testcase classname="tests.test_matched_intervals005" name="test_serialized_owner_predictions_and_forbidden_completed_stage_resume" time="1.396" /><testcase classname="tests.test_matched_intervals005" name="test_fit_and_calibrator_routes_forbidden" time="0.008" /><testcase classname="tests.test_matched_intervals005" name="test_joint_rejects_permutation_duplicate_missing_and_wrong_target" time="0.037" /><testcase classname="tests.test_matched_intervals005" name="test_dscp_assignments_truth_independent_shared_levels_and_scalar_dtw" time="0.143" /><testcase classname="tests.test_matched_intervals005" name="test_inclusive_maturity_missingness_and_group_segment_isolation" time="0.208" /><testcase classname="tests.test_matched_intervals005" name="test_cqr_scores_static_crossing_and_insufficient_rank_hold" time="0.122" /><testcase classname="tests.test_matched_intervals005" name="test_emitted_consumed_identity_and_independent_episodes[1-1]" time="0.457" /><testcase classname="tests.test_matched_intervals005" name="test_emitted_consumed_identity_and_independent_episodes[2-3]" time="0.430" /><testcase classname="tests.test_matched_intervals005" name="test_corrupted_features_zero_control_scalar_replay_and_future_inputs" time="0.228"><failure message="KeyError: Timestamp('2022-01-05 09:40:00')">&gt;   ???

index.pyx:609: 
_ _ _ _ _ _ _ _ _ _ _ _ _ _ _ _ _ _ _ _ _ _ _ _ _ _ _ _ _ _ _ _ _ _ _ _ _ _ _ _
pandas\\_libs\\hashtable_class_helper.pxi:2606: in pandas._libs.hashtable.Int64HashTable.get_item
    ???
_ _ _ _ _ _ _ _ _ _ _ _ _ _ _ _ _ _ _ _ _ _ _ _ _ _ _ _ _ _ _ _ _ _ _ _ _ _ _ _

&gt;   ???
E   KeyError: 1641375600000000000

pandas\\_libs\\hashtable_class_helper.pxi:2630: KeyError

During handling of the above exception, another exception occurred:

self = DatetimeIndex(['2022-01-01 00:30:00', '2022-01-01 00:40:00',
               '2022-01-01 00:50:00', '2022-01-01 01:00:0...         '2022-01-05 09:00:00', '2022-01-05 09:10:00'],
              dtype='datetime64[ns]', length=629, freq='10min')
key = Timestamp('2022-01-05 09:40:00')

    def get_loc(self, key):
        """
        Get integer location, slice or boolean mask for requested label.
    
        Parameters
        ----------
        key : label
    
        Returns
        -------
        int if unique index, slice if monotonic index, else mask
    
        Examples
        --------
        &gt;&gt;&gt; unique_index = pd.Index(list('abc'))
        &gt;&gt;&gt; unique_index.get_loc('b')
        1
    
        &gt;&gt;&gt; monotonic_index = pd.Index(list('abbc'))
        &gt;&gt;&gt; monotonic_index.get_loc('b')
        slice(1, 3, None)
    
        &gt;&gt;&gt; non_monotonic_index = pd.Index(list('abcb'))
        &gt;&gt;&gt; non_monotonic_index.get_loc('b')
        array([False,  True, False,  True])
        """
        casted_key = self._maybe_cast_indexer(key)
        try:
&gt;           return self._engine.get_loc(casted_key)
                   ^^^^^^^^^^^^^^^^^^^^^^^^^^^^^^^^

C:\cfs_venv\Lib\site-packages\pandas\core\indexes\base.py:3805: 
_ _ _ _ _ _ _ _ _ _ _ _ _ _ _ _ _ _ _ _ _ _ _ _ _ _ _ _ _ _ _ _ _ _ _ _ _ _ _ _
index.pyx:577: in pandas._libs.index.DatetimeEngine.get_loc
    ???
_ _ _ _ _ _ _ _ _ _ _ _ _ _ _ _ _ _ _ _ _ _ _ _ _ _ _ _ _ _ _ _ _ _ _ _ _ _ _ _

&gt;   ???
E   KeyError: Timestamp('2022-01-05 09:40:00')

index.pyx:611: KeyError

The above exception was the direct cause of the following exception:

self = DatetimeIndex(['2022-01-01 00:30:00', '2022-01-01 00:40:00',
               '2022-01-01 00:50:00', '2022-01-01 01:00:0...         '2022-01-05 09:00:00', '2022-01-05 09:10:00'],
              dtype='datetime64[ns]', length=629, freq='10min')
key = Timestamp('2022-01-05 09:40:00')

    def get_loc(self, key):
        """
        Get integer location for requested label
    
        Returns
        -------
        loc : int
        """
        self._check_indexing_error(key)
    
        orig_key = key
        if is_valid_na_for_dtype(key, self.dtype):
            key = NaT
    
        if isinstance(key, self._data._recognized_scalars):
            # needed to localize naive datetimes
            self._disallow_mismatched_indexing(key)
            key = Timestamp(key)
    
        elif isinstance(key, str):
            try:
                parsed, reso = self._parse_with_reso(key)
            except (ValueError, pytz.NonExistentTimeError) as err:
                raise KeyError(key) from err
            self._disallow_mismatched_indexing(parsed)
    
            if self._can_partial_date_slice(reso):
                try:
                    return self._partial_date_slice(reso, parsed)
                except KeyError as err:
                    raise KeyError(key) from err
    
            key = parsed
    
        elif isinstance(key, dt.timedelta):
            # GH#20464
            raise TypeError(
                f"Cannot index {type(self).__name__} with {type(key).__name__}"
            )
    
        elif isinstance(key, dt.time):
            return self.indexer_at_time(key)
    
        else:
            # unrecognized type
            raise KeyError(key)
    
        try:
&gt;           return Index.get_loc(self, key)
                   ^^^^^^^^^^^^^^^^^^^^^^^^

C:\cfs_venv\Lib\site-packages\pandas\core\indexes\datetimes.py:630: 
_ _ _ _ _ _ _ _ _ _ _ _ _ _ _ _ _ _ _ _ _ _ _ _ _ _ _ _ _ _ _ _ _ _ _ _ _ _ _ _

self = DatetimeIndex(['2022-01-01 00:30:00', '2022-01-01 00:40:00',
               '2022-01-01 00:50:00', '2022-01-01 01:00:0...         '2022-01-05 09:00:00', '2022-01-05 09:10:00'],
              dtype='datetime64[ns]', length=629, freq='10min')
key = Timestamp('2022-01-05 09:40:00')

    def get_loc(self, key):
        """
        Get integer location, slice or boolean mask for requested label.
    
        Parameters
        ----------
        key : label
    
        Returns
        -------
        int if unique index, slice if monotonic index, else mask
    
        Examples
        --------
        &gt;&gt;&gt; unique_index = pd.Index(list('abc'))
        &gt;&gt;&gt; unique_index.get_loc('b')
        1
    
        &gt;&gt;&gt; monotonic_index = pd.Index(list('abbc'))
        &gt;&gt;&gt; monotonic_index.get_loc('b')
        slice(1, 3, None)
    
        &gt;&gt;&gt; non_monotonic_index = pd.Index(list('abcb'))
        &gt;&gt;&gt; non_monotonic_index.get_loc('b')
        array([False,  True, False,  True])
        """
        casted_key = self._maybe_cast_indexer(key)
        try:
            return self._engine.get_loc(casted_key)
        except KeyError as err:
            if isinstance(casted_key, slice) or (
                isinstance(casted_key, abc.Iterable)
                and any(isinstance(x, slice) for x in casted_key)
            ):
                raise InvalidIndexError(key)
&gt;           raise KeyError(key) from err
E           KeyError: Timestamp('2022-01-05 09:40:00')

C:\cfs_venv\Lib\site-packages\pandas\core\indexes\base.py:3812: KeyError

The above exception was the direct cause of the following exception:

integration = {'out': WindowsPath('C:/Users/nigel/OneDrive/Desktop/GitHub/confosense/smart_building_conformal/outputs/matched_interv...nfosense/smart_building_conformal/outputs/matched_intervals005/synthetic_v1/run/stages/stream_h1_l95_cqr')), ...}, ...}

    def test_corrupted_features_zero_control_scalar_replay_and_future_inputs(integration):
        d=integration['data'][3];w=d['w'];meta=d['test'];s=d['segmented'];columns=list(w['X'])
        clean=corrupted_features(s,meta,meta.y_true,np.ones(len(meta),bool),3,d['fc'],columns)
        np.testing.assert_array_equal(clean,d['X'])
        obs=meta.y_true.to_numpy().copy();flags=np.ones(len(meta),bool);obs[20:25]+=5;flags[30]=False;obs[30]=np.nan
        altered=corrupted_features(s,meta,obs,flags,3,d['fc'],columns)
        before=meta.origin_time&lt;meta.target_time.iloc[20];np.testing.assert_array_equal(clean[before],altered[before])
        owner,path,_,rawcal=integration['owners'][3,'cqr',.95]
        raw=raw_predictions(owner,'cqr',altered.to_numpy(),[.95])[.95]
        modified=meta.copy();modified['y_true']=np.where(flags,obs,meta.y_true);modified['available']=flags
        result=emit('cqr',.95,digest(path/'owner.pkl'),altered,modified,raw,d['cal'],rawcal[.95],s.freq,strategy='periodic')
        scalar=scalar_replay(modified,raw,d['cal'],rawcal[.95],.95,'cqr','periodic',freq=s.freq)
        np.testing.assert_array_equal(result['stream'].lower,scalar['lower'])
        # Build the feature at each selected origin using a source truncated at that
        # origin: a separate scalar causality check of batch corrupted features.
        from dataclasses import replace
        from src import features
        for i in (19,23,32,90,150):
            group=meta.group_id.iloc[i];origin=meta.origin_time.iloc[i];series=next(z for z in s.series if z.group_id==group);source=series.frame.loc[:origin].copy()
            for j in range(len(meta)):
                t=meta.target_time.iloc[j]
                if meta.group_id.iloc[j]==group and t in source.index:source.loc[t,'target']=obs[j] if flags[j] else np.nan
            source.target=source.target.ffill()
            # Extend only the row index for deterministic target-calendar features;
            # feature extraction uses no later target values.
            extended=source.reindex(source.index.append(pd.date_range(origin+s.freq,periods=3,freq=s.freq)))
            built=features.build_supervised(extended,3,s.freq,None,d['fc'])['X']
&gt;           np.testing.assert_allclose(built.loc[origin,columns],altered.iloc[i],atol=1e-12)
                                       ^^^^^^^^^^^^^^^^^^^^^^^^^

tests\test_matched_intervals005.py:211: 
_ _ _ _ _ _ _ _ _ _ _ _ _ _ _ _ _ _ _ _ _ _ _ _ _ _ _ _ _ _ _ _ _ _ _ _ _ _ _ _
C:\cfs_venv\Lib\site-packages\pandas\core\indexing.py:1184: in __getitem__
    return self._getitem_tuple(key)
           ^^^^^^^^^^^^^^^^^^^^^^^^
C:\cfs_venv\Lib\site-packages\pandas\core\indexing.py:1368: in _getitem_tuple
    return self._getitem_lowerdim(tup)
           ^^^^^^^^^^^^^^^^^^^^^^^^^^^
C:\cfs_venv\Lib\site-packages\pandas\core\indexing.py:1065: in _getitem_lowerdim
    section = self._getitem_axis(key, axis=i)
              ^^^^^^^^^^^^^^^^^^^^^^^^^^^^^^^
C:\cfs_venv\Lib\site-packages\pandas\core\indexing.py:1431: in _getitem_axis
    return self._get_label(key, axis=axis)
           ^^^^^^^^^^^^^^^^^^^^^^^^^^^^^^^
C:\cfs_venv\Lib\site-packages\pandas\core\indexing.py:1381: in _get_label
    return self.obj.xs(label, axis=axis)
           ^^^^^^^^^^^^^^^^^^^^^^^^^^^^^
C:\cfs_venv\Lib\site-packages\pandas\core\generic.py:4301: in xs
    loc = index.get_loc(key)
          ^^^^^^^^^^^^^^^^^^
_ _ _ _ _ _ _ _ _ _ _ _ _ _ _ _ _ _ _ _ _ _ _ _ _ _ _ _ _ _ _ _ _ _ _ _ _ _ _ _

self = DatetimeIndex(['2022-01-01 00:30:00', '2022-01-01 00:40:00',
               '2022-01-01 00:50:00', '2022-01-01 01:00:0...         '2022-01-05 09:00:00', '2022-01-05 09:10:00'],
              dtype='datetime64[ns]', length=629, freq='10min')
key = Timestamp('2022-01-05 09:40:00')

    def get_loc(self, key):
        """
        Get integer location for requested label
    
        Returns
        -------
        loc : int
        """
        self._check_indexing_error(key)
    
        orig_key = key
        if is_valid_na_for_dtype(key, self.dtype):
            key = NaT
    
        if isinstance(key, self._data._recognized_scalars):
            # needed to localize naive datetimes
            self._disallow_mismatched_indexing(key)
            key = Timestamp(key)
    
        elif isinstance(key, str):
            try:
                parsed, reso = self._parse_with_reso(key)
            except (ValueError, pytz.NonExistentTimeError) as err:
                raise KeyError(key) from err
            self._disallow_mismatched_indexing(parsed)
    
            if self._can_partial_date_slice(reso):
                try:
                    return self._partial_date_slice(reso, parsed)
                except KeyError as err:
                    raise KeyError(key) from err
    
            key = parsed
    
        elif isinstance(key, dt.timedelta):
            # GH#20464
            raise TypeError(
                f"Cannot index {type(self).__name__} with {type(key).__name__}"
            )
    
        elif isinstance(key, dt.time):
            return self.indexer_at_time(key)
    
        else:
            # unrecognized type
            raise KeyError(key)
    
        try:
            return Index.get_loc(self, key)
        except KeyError as err:
&gt;           raise KeyError(orig_key) from err
E           KeyError: Timestamp('2022-01-05 09:40:00')

C:\cfs_venv\Lib\site-packages\pandas\core\indexes\datetimes.py:632: KeyError</failure></testcase><testcase classname="tests.test_matched_intervals005" name="test_corrupt_checkpoint_and_ready_partial_recovery" time="0.077" /><testcase classname="tests.test_matched_intervals005" name="test_incomplete_fit_not_automatically_repeated" time="0.006" /><testcase classname="tests.test_matched_intervals005" name="test_metric_reconstruction_and_native_common_subset_history" time="0.034" /><testcase classname="tests.test_operational004_flag_dtype" name="test_numeric_missingness_covariate_zero_identity_and_causal_missing[int64]" time="0.089" /><testcase classname="tests.test_operational004_flag_dtype" name="test_numeric_missingness_covariate_zero_identity_and_causal_missing[float64]" time="0.088" /><testcase classname="tests.test_operational004_flag_dtype" name="test_numeric_missingness_covariate_zero_identity_and_causal_missing[bool]" time="0.091" /><testcase classname="tests.test_operational004_journal" name="test_phase_failure_record_and_no_overwrite" time="0.042" /><testcase classname="tests.test_operational004_journal" name="test_frozen_configuration_mismatch_stops_before_fit" time="0.014" /><testcase classname="tests.test_operational004_journal" name="test_logger_retains_process_identity_actual_exit_and_output" time="0.265" /><testcase classname="tests.test_matched005_identifier_export" name="test_python_none_literal_none_and_empty_identifiers_are_explicit" time="0.004" /><testcase classname="tests.test_matched005_identifier_export" name="test_actual_checkpoint_csv_roundtrip_keeps_none_visible" time="0.056" /></testsuite></testsuites>